#
# A fatal error has been detected by the Java Runtime Environment:
#
#  EXCEPTION_ACCESS_VIOLATION (0xc0000005) at pc=0x000007fedaada460, pid=3028, tid=3440
#
# JRE version: Java(TM) SE Runtime Environment (8.0_25-b18) (build 1.8.0_25-b18)
# Java VM: Java HotSpot(TM) 64-Bit Server VM (25.25-b02 mixed mode windows-amd64 compressed oops)
# Problematic frame:
# C  0x000007fedaada460
#
# Failed to write core dump. Minidumps are not enabled by default on client versions of Windows
#
# If you would like to submit a bug report, please visit:
#   http://bugreport.sun.com/bugreport/crash.jsp
# The crash happened outside the Java Virtual Machine in native code.
# See problematic frame for where to report the bug.
#

---------------  T H R E A D  ---------------

Current thread (0x0000000007cec000):  JavaThread "AWT-EventQueue-1" [_thread_in_native, id=3440, stack(0x0000000026260000,0x0000000026760000)]

siginfo: ExceptionCode=0xc0000005, reading address 0xffffffffffffffff

Registers:
RAX=0x0000a0908afb890b, RBX=0x000000002a3894a0, RCX=0x672f74666f736564, RDX=0x000000002675ca48
RSP=0x000000002675c8c8, RBP=0x000000002675ca38, RSI=0x0000000702d5e448, RDI=0x00000007c07b3950
R8 =0x0000000036f561a0, R9 =0x000000000000000a, R10=0x0000000012285b48, R11=0x000000006e812810
R12=0x0000000000000000, R13=0x000000002a3894a0, R14=0x000000002675ca60, R15=0x0000000007cec000
RIP=0x000007fedaada460, EFLAGS=0x0000000000010202

Top of Stack: (sp=0x000000002675c8c8)
0x000000002675c8c8:   000007fedb0ac03b 00000000021df928
0x000000002675c8d8:   00000000021df928 0000000000000000
0x000000002675c8e8:   0000000012a4849c 000000002a3894a0
0x000000002675c8f8:   000007fedb1de8bf 0000000000000000
0x000000002675c908:   000000006e52cac0 0000000701eecb38
0x000000002675c918:   00000007be650178 0000000007cec1e8
0x000000002675c928:   0000000700000001 fffffffffffffffe
0x000000002675c938:   e03dd951e0109e6a 0000000000000000
0x000000002675c948:   0000000013052e2c 00000007be64cd68
0x000000002675c958:   0000000000009829 00000007be64be80
0x000000002675c968:   00000000127a7ce0 00000007bfc17ef0
0x000000002675c978:   00000007be650198 00000007be64e650
0x000000002675c988:   0000000000000000 000000070084f350
0x000000002675c998:   0000000701405e00 0000000000000000
0x000000002675c9a8:   0000a0908afb890b 0000000702d5e448
0x000000002675c9b8:   0000000012285b74 0000000000000001 

Instructions: (pc=0x000007fedaada460)
0x000007fedaada440:   00 00 00 c6 43 20 00 48 83 c4 20 5b c3 cc cc cc
0x000007fedaada450:   0f b6 41 67 c3 cc cc cc cc cc cc cc cc cc cc cc
0x000007fedaada460:   0f b6 41 66 c3 cc cc cc cc cc cc cc cc cc cc cc
0x000007fedaada470:   48 8d 05 e9 c5 0d 00 c3 cc cc cc cc cc cc cc cc 


Register to memory mapping:

RAX=0x0000a0908afb890b is an unknown value
RBX={method} {0x000000002a3894a8} 'HWDevice_isXicomCfgMemSupported' '(J)Z' in 'ui/data/labtools/lthwdatai'
RCX=0x672f74666f736564 is an unknown value
RDX=0x000000002675ca48 is pointing into the stack for thread: 0x0000000007cec000
RSP=0x000000002675c8c8 is pointing into the stack for thread: 0x0000000007cec000
RBP=0x000000002675ca38 is pointing into the stack for thread: 0x0000000007cec000
RSI=0x0000000702d5e448 is an oop
ui.views.b.m.d.d 
 - klass: 'ui/views/b/m/d/d'
RDI=0x00000007c07b3950 is pointing into metadata
R8 =0x0000000036f561a0 is an unknown value
R9 =0x000000000000000a is an unknown value
R10=0x0000000012285b48 is at code_begin+840 in an Interpreter codelet
method entry point (kind = native)  [0x0000000012285800, 0x0000000012286160]  2400 bytes
R11=0x000000006e812810 is an unknown value
R12=0x0000000000000000 is an unknown value
R13={method} {0x000000002a3894a8} 'HWDevice_isXicomCfgMemSupported' '(J)Z' in 'ui/data/labtools/lthwdatai'
R14=0x000000002675ca60 is pointing into the stack for thread: 0x0000000007cec000
R15=0x0000000007cec000 is a thread


Stack: [0x0000000026260000,0x0000000026760000],  sp=0x000000002675c8c8,  free space=5106k
Native frames: (J=compiled Java code, j=interpreted, Vv=VM code, C=native code)
C  0x000007fedaada460

Java frames: (J=compiled Java code, j=interpreted, Vv=VM code)
j  ui.data.labtools.lthwdatai.HWDevice_isXicomCfgMemSupported(J)Z+0
j  ui.data.labtools.a.bdn()Z+4
J 14170 C1 ui.views.b.m.d.a.aY()Z (44 bytes) @ 0x0000000012b49af4 [0x0000000012b49520+0x5d4]
J 14169 C1 ui.views.b.m.d.d.l(Lui/views/J/e;)Z (5 bytes) @ 0x0000000013983674 [0x0000000013983580+0xf4]
J 11696 C2 ui.views.J.n.k(Lui/views/J/W;)Z (51 bytes) @ 0x00000000145ef61c [0x00000000145ef200+0x41c]
J 13899 C2 ui.views.J.j.getTreeCellRendererComponent(Ljavax/swing/JTree;Ljava/lang/Object;ZZZIZ)Ljava/awt/Component; (433 bytes) @ 0x0000000014ba24cc [0x0000000014ba0860+0x1c6c]
J 14151 C2 org.jdesktop.swingx.JXTree$DelegatingRenderer.getTreeCellRendererComponent(Ljavax/swing/JTree;Ljava/lang/Object;ZZZIZ)Ljava/awt/Component; (75 bytes) @ 0x0000000013dd2064 [0x0000000013dd1fe0+0x84]
J 11751 C2 javax.swing.plaf.basic.BasicTreeUI.paintRow(Ljava/awt/Graphics;Ljava/awt/Rectangle;Ljava/awt/Insets;Ljava/awt/Rectangle;Ljavax/swing/tree/TreePath;IZZZ)V (122 bytes) @ 0x000000001369406c [0x0000000013693e00+0x26c]
J 14154 C2 ui.views.J.D.paintRow(Ljava/awt/Graphics;Ljava/awt/Rectangle;Ljava/awt/Insets;Ljava/awt/Rectangle;Ljavax/swing/tree/TreePath;IZZZ)V (240 bytes) @ 0x00000000140f84d0 [0x00000000140f7b40+0x990]
J 12901 C2 javax.swing.plaf.basic.BasicTreeUI.paint(Ljava/awt/Graphics;Ljavax/swing/JComponent;)V (483 bytes) @ 0x0000000014853024 [0x00000000148518a0+0x1784]
J 11854 C1 ui.g.i.v.a.a.paint(Ljava/awt/Graphics;Ljavax/swing/JComponent;)V (162 bytes) @ 0x00000000144a1944 [0x00000000144a1660+0x2e4]
J 11852 C1 ui.g.i.v.a.a.update(Ljava/awt/Graphics;Ljavax/swing/JComponent;)V (157 bytes) @ 0x0000000012efe46c [0x0000000012efc200+0x226c]
J 7385 C2 javax.swing.JComponent.paintComponent(Ljava/awt/Graphics;)V (44 bytes) @ 0x000000001390c700 [0x000000001390c4e0+0x220]
J 9335 C2 javax.swing.JComponent.paint(Ljava/awt/Graphics;)V (409 bytes) @ 0x0000000013fb2fd8 [0x0000000013fb28a0+0x738]
J 11825 C2 javax.swing.RepaintManager$PaintManager.paint(Ljavax/swing/JComponent;Ljavax/swing/JComponent;Ljava/awt/Graphics;IIII)Z (189 bytes) @ 0x0000000013d57e30 [0x0000000013d574c0+0x970]
J 11896 C2 javax.swing.BufferStrategyPaintManager.paint(Ljavax/swing/JComponent;Ljavax/swing/JComponent;Ljava/awt/Graphics;IIII)Z (235 bytes) @ 0x000000001464a7b4 [0x000000001464a480+0x334]
J 9388 C2 javax.swing.JComponent._paintImmediately(IIII)V (891 bytes) @ 0x0000000013fe5dbc [0x0000000013fe51a0+0xc1c]
J 11589 C2 javax.swing.JComponent.paintImmediately(IIII)V (155 bytes) @ 0x00000000130a03bc [0x00000000130a0160+0x25c]
J 11866 C2 javax.swing.RepaintManager$4.run()Ljava/lang/Object; (5 bytes) @ 0x000000001313f0b4 [0x000000001313eec0+0x1f4]
v  ~StubRoutines::call_stub
J 1371  java.security.AccessController.doPrivileged(Ljava/security/PrivilegedAction;Ljava/security/AccessControlContext;)Ljava/lang/Object; (0 bytes) @ 0x00000000124479a6 [0x0000000012447940+0x66]
J 12178 C2 javax.swing.RepaintManager$ProcessingRunnable.run()V (41 bytes) @ 0x00000000147237b4 [0x0000000014722ca0+0xb14]
J 8973 C2 java.awt.EventQueue$3.run()Ljava/lang/Object; (5 bytes) @ 0x0000000012b94be4 [0x0000000012b948c0+0x324]
v  ~StubRoutines::call_stub
J 1371  java.security.AccessController.doPrivileged(Ljava/security/PrivilegedAction;Ljava/security/AccessControlContext;)Ljava/lang/Object; (0 bytes) @ 0x00000000124479a6 [0x0000000012447940+0x66]
J 8590 C2 ui.frmwork.a.e.dispatchEvent(Ljava/awt/AWTEvent;)V (30 bytes) @ 0x0000000013d6a72c [0x0000000013d6a440+0x2ec]
J 8606 C2 java.awt.EventDispatchThread.pumpOneEventForFilters(I)V (295 bytes) @ 0x0000000013d7cbd4 [0x0000000013d7c0e0+0xaf4]
J 12570% C2 java.awt.EventDispatchThread.pumpEventsForFilter(ILjava/awt/Conditional;Ljava/awt/EventFilter;)V (47 bytes) @ 0x0000000012eaed4c [0x0000000012eaec00+0x14c]
j  java.awt.EventDispatchThread.pumpEventsForHierarchy(ILjava/awt/Conditional;Ljava/awt/Component;)V+11
j  java.awt.EventDispatchThread.pumpEvents(ILjava/awt/Conditional;)V+4
j  java.awt.EventDispatchThread.pumpEvents(Ljava/awt/Conditional;)V+3
j  java.awt.EventDispatchThread.run()V+9
v  ~StubRoutines::call_stub

---------------  P R O C E S S  ---------------

Java Threads: ( => current thread )
  0x0000000036f57000 JavaThread "Image Fetcher 0" daemon [_thread_blocked, id=4208, stack(0x0000000037230000,0x0000000037730000)]
  0x000000002398a800 JavaThread "Thread-250" [_thread_in_native, id=3424, stack(0x0000000033d00000,0x0000000033e00000)]
  0x000000002f857000 JavaThread "Refresh links" [_thread_blocked, id=4840, stack(0x0000000034950000,0x0000000034e50000)]
  0x000000002d725800 JavaThread "Refresh GTs" [_thread_blocked, id=2340, stack(0x0000000035480000,0x0000000035980000)]
  0x000000002ffbe000 JavaThread "Monitor File Timestamp" [_thread_blocked, id=2620, stack(0x00000000294c0000,0x00000000299c0000)]
  0x00000000306bd000 JavaThread "Monitor File Timestamp" [_thread_blocked, id=4572, stack(0x0000000033640000,0x0000000033b40000)]
  0x000000002f9ab000 JavaThread "Monitor File Timestamp" [_thread_blocked, id=4556, stack(0x0000000028f30000,0x0000000029430000)]
  0x000000002a6af800 JavaThread "hw_ila_monitor" [_thread_blocked, id=3540, stack(0x000000002ee80000,0x000000002f380000)]
  0x000000002b7c1000 JavaThread "Update Runs" [_thread_blocked, id=3228, stack(0x000000002e6a0000,0x000000002eba0000)]
  0x000000002b7c6000 JavaThread "Refresh Filesets" [_thread_blocked, id=2952, stack(0x000000002da40000,0x000000002df40000)]
  0x0000000023c46000 JavaThread "Swing-Shell" daemon [_thread_blocked, id=2956, stack(0x000000002c2b0000,0x000000002c7b0000)]
  0x0000000029f99000 JavaThread "Monitor File Timestamp" [_thread_blocked, id=892, stack(0x000000002a7c0000,0x000000002acc0000)]
  0x0000000024a84800 JavaThread "SeedGenerator Thread" daemon [_thread_blocked, id=3988, stack(0x0000000026b40000,0x0000000027040000)]
=>0x0000000007cec000 JavaThread "AWT-EventQueue-1" [_thread_in_native, id=3440, stack(0x0000000026260000,0x0000000026760000)]
  0x0000000007cef800 JavaThread "Process Messages" [_thread_blocked, id=1224, stack(0x0000000025cb0000,0x00000000261b0000)]
  0x0000000007d0a800 JavaThread "Thread-3" [_thread_in_native, id=1580, stack(0x0000000002670000,0x0000000003a70000)]
  0x00000000227b0800 JavaThread "AWT-EventQueue-0" [_thread_blocked, id=2876, stack(0x0000000025640000,0x0000000025b40000)]
  0x00000000227b2000 JavaThread "AWT-Windows" daemon [_thread_in_native, id=2660, stack(0x00000000250c0000,0x00000000255c0000)]
  0x00000000227b3000 JavaThread "AWT-Shutdown" [_thread_blocked, id=3052, stack(0x0000000024b80000,0x0000000025080000)]
  0x00000000227a4000 JavaThread "Java2D Disposer" daemon [_thread_blocked, id=2708, stack(0x00000000244c0000,0x00000000249c0000)]
  0x0000000022adf800 JavaThread "TimerQueue" daemon [_thread_blocked, id=496, stack(0x0000000022b30000,0x0000000023030000)]
  0x000000000a607800 JavaThread "Service Thread" daemon [_thread_blocked, id=3360, stack(0x0000000021f30000,0x0000000022430000)]
  0x000000000a2e7000 JavaThread "C1 CompilerThread3" daemon [_thread_blocked, id=456, stack(0x0000000011e60000,0x0000000011f60000)]
  0x000000000a2e8800 JavaThread "C2 CompilerThread2" daemon [_thread_blocked, id=3668, stack(0x000000000a790000,0x000000000a890000)]
  0x000000000a2ea000 JavaThread "C2 CompilerThread1" daemon [_thread_blocked, id=2712, stack(0x000000000a670000,0x000000000a770000)]
  0x000000000a2eb800 JavaThread "C2 CompilerThread0" daemon [_thread_blocked, id=3096, stack(0x000000000a470000,0x000000000a570000)]
  0x000000000a2ec800 JavaThread "Attach Listener" daemon [_thread_blocked, id=392, stack(0x0000000021850000,0x0000000021d50000)]
  0x000000000a2ed800 JavaThread "Signal Dispatcher" daemon [_thread_blocked, id=2636, stack(0x0000000021300000,0x0000000021800000)]
  0x000000000993a800 JavaThread "Finalizer" daemon [_thread_blocked, id=3932, stack(0x0000000011940000,0x0000000011e40000)]
  0x000000000993c000 JavaThread "Reference Handler" daemon [_thread_blocked, id=3904, stack(0x00000000112a0000,0x00000000117a0000)]
  0x0000000004af6000 JavaThread "main" [_thread_blocked, id=2388, stack(0x0000000007f60000,0x0000000008060000)]

Other Threads:
  0x000000000993f800 VMThread [stack: 0x000000000a340000,0x000000000a440000] [id=3856]
  0x000000000a605800 WatcherThread [stack: 0x00000000117d0000,0x00000000118d0000] [id=1092]

VM state:not at safepoint (normal execution)

VM Mutex/Monitor currently owned by a thread: None

Heap:
 PSYoungGen      total 56320K, used 38540K [0x00000007bc400000, 0x00000007c0000000, 0x00000007c0000000)
  eden space 51200K, 69% used [0x00000007bc400000,0x00000007be6b2ca0,0x00000007bf600000)
  from space 5120K, 58% used [0x00000007bfb00000,0x00000007bfdf0658,0x00000007c0000000)
  to   space 5120K, 0% used [0x00000007bf600000,0x00000007bf600000,0x00000007bfb00000)
 ParOldGen       total 107520K, used 49908K [0x0000000700000000, 0x0000000706900000, 0x00000007bc400000)
  object space 107520K, 46% used [0x0000000700000000,0x00000007030bd3d8,0x0000000706900000)
 Metaspace       used 56763K, capacity 57147K, committed 57600K, reserved 1099776K
  class space    used 8035K, capacity 8136K, committed 8192K, reserved 1048576K

Card table byte_map: [0x0000000008420000,0x0000000008a30000] byte_map_base: 0x0000000004c20000

Marking Bits: (ParMarkBitMap*) 0x000000006eddd490
 Begin Bits: [0x000000000a990000, 0x000000000d990000)
 End Bits:   [0x000000000d990000, 0x0000000010990000)

Polling page: 0x00000000002f0000

CodeCache: size=245760Kb used=43828Kb max_used=43870Kb free=201931Kb
 bounds [0x0000000012270000, 0x0000000014db0000, 0x0000000021270000]
 total_blobs=12060 nmethods=11238 adapters=728
 compilation: enabled

Compilation events (10 events):
Event: 2107.410 Thread 0x000000000a2ea000 14692       4       com.jidesoft.docking.DefaultDockingManager::handleEvent (2812 bytes)
Event: 2107.517 Thread 0x000000000a2ea000 nmethod 14692 0x0000000014da3d50 code [0x0000000014da47a0, 0x0000000014da9240]
Event: 2108.105 Thread 0x000000000a2e7000 14693       3       ui.data.labtools.c.k::<init> (9 bytes)
Event: 2108.106 Thread 0x000000000a2e7000 nmethod 14693 0x00000000132c8310 code [0x00000000132c84c0, 0x00000000132c88f8]
Event: 2108.151 Thread 0x000000000a2e7000 14695       3       ui.data.labtools.c.g::<init> (9 bytes)
Event: 2108.152 Thread 0x000000000a2e7000 nmethod 14695 0x0000000012e08110 code [0x0000000012e082c0, 0x0000000012e086f8]
Event: 2108.179 Thread 0x000000000a2e7000 14697       3       ui.data.labtools.c.k::size (8 bytes)
Event: 2108.179 Thread 0x000000000a2e7000 nmethod 14697 0x0000000012e079d0 code [0x0000000012e07b40, 0x0000000012e07cc8]
Event: 2108.198 Thread 0x000000000a2e7000 14699       3       ui.data.labtools.c.g::size (8 bytes)
Event: 2108.198 Thread 0x000000000a2e7000 nmethod 14699 0x0000000013a31210 code [0x0000000013a31380, 0x0000000013a31508]

GC Heap History (10 events):
Event: 2013.419 GC heap before
{Heap before GC invocations=138 (full 6):
 PSYoungGen      total 54272K, used 49883K [0x00000007bc400000, 0x00000007c0000000, 0x00000007c0000000)
  eden space 47616K, 100% used [0x00000007bc400000,0x00000007bf280000,0x00000007bf280000)
  from space 6656K, 34% used [0x00000007bf280000,0x00000007bf4b6fd0,0x00000007bf900000)
  to   space 6144K, 0% used [0x00000007bfa00000,0x00000007bfa00000,0x00000007c0000000)
 ParOldGen       total 107520K, used 49908K [0x0000000700000000, 0x0000000706900000, 0x00000007bc400000)
  object space 107520K, 46% used [0x0000000700000000,0x00000007030bd3d8,0x0000000706900000)
 Metaspace       used 56658K, capacity 56987K, committed 57600K, reserved 1099776K
  class space    used 8031K, capacity 8104K, committed 8192K, reserved 1048576K
Event: 2013.423 GC heap after
Heap after GC invocations=138 (full 6):
 PSYoungGen      total 55296K, used 2132K [0x00000007bc400000, 0x00000007c0000000, 0x00000007c0000000)
  eden space 49152K, 0% used [0x00000007bc400000,0x00000007bc400000,0x00000007bf400000)
  from space 6144K, 34% used [0x00000007bfa00000,0x00000007bfc153b0,0x00000007c0000000)
  to   space 6144K, 0% used [0x00000007bf400000,0x00000007bf400000,0x00000007bfa00000)
 ParOldGen       total 107520K, used 49908K [0x0000000700000000, 0x0000000706900000, 0x00000007bc400000)
  object space 107520K, 46% used [0x0000000700000000,0x00000007030bd3d8,0x0000000706900000)
 Metaspace       used 56658K, capacity 56987K, committed 57600K, reserved 1099776K
  class space    used 8031K, capacity 8104K, committed 8192K, reserved 1048576K
}
Event: 2013.647 GC heap before
{Heap before GC invocations=139 (full 6):
 PSYoungGen      total 55296K, used 51284K [0x00000007bc400000, 0x00000007c0000000, 0x00000007c0000000)
  eden space 49152K, 100% used [0x00000007bc400000,0x00000007bf400000,0x00000007bf400000)
  from space 6144K, 34% used [0x00000007bfa00000,0x00000007bfc153b0,0x00000007c0000000)
  to   space 6144K, 0% used [0x00000007bf400000,0x00000007bf400000,0x00000007bfa00000)
 ParOldGen       total 107520K, used 49908K [0x0000000700000000, 0x0000000706900000, 0x00000007bc400000)
  object space 107520K, 46% used [0x0000000700000000,0x00000007030bd3d8,0x0000000706900000)
 Metaspace       used 56658K, capacity 56987K, committed 57600K, reserved 1099776K
  class space    used 8031K, capacity 8104K, committed 8192K, reserved 1048576K
Event: 2013.650 GC heap after
Heap after GC invocations=139 (full 6):
 PSYoungGen      total 55296K, used 2124K [0x00000007bc400000, 0x00000007c0000000, 0x00000007c0000000)
  eden space 49152K, 0% used [0x00000007bc400000,0x00000007bc400000,0x00000007bf400000)
  from space 6144K, 34% used [0x00000007bf400000,0x00000007bf6130c0,0x00000007bfa00000)
  to   space 5632K, 0% used [0x00000007bfa80000,0x00000007bfa80000,0x00000007c0000000)
 ParOldGen       total 107520K, used 49908K [0x0000000700000000, 0x0000000706900000, 0x00000007bc400000)
  object space 107520K, 46% used [0x0000000700000000,0x00000007030bd3d8,0x0000000706900000)
 Metaspace       used 56658K, capacity 56987K, committed 57600K, reserved 1099776K
  class space    used 8031K, capacity 8104K, committed 8192K, reserved 1048576K
}
Event: 2014.745 GC heap before
{Heap before GC invocations=140 (full 6):
 PSYoungGen      total 55296K, used 51276K [0x00000007bc400000, 0x00000007c0000000, 0x00000007c0000000)
  eden space 49152K, 100% used [0x00000007bc400000,0x00000007bf400000,0x00000007bf400000)
  from space 6144K, 34% used [0x00000007bf400000,0x00000007bf6130c0,0x00000007bfa00000)
  to   space 5632K, 0% used [0x00000007bfa80000,0x00000007bfa80000,0x00000007c0000000)
 ParOldGen       total 107520K, used 49908K [0x0000000700000000, 0x0000000706900000, 0x00000007bc400000)
  object space 107520K, 46% used [0x0000000700000000,0x00000007030bd3d8,0x0000000706900000)
 Metaspace       used 56659K, capacity 56987K, committed 57600K, reserved 1099776K
  class space    used 8031K, capacity 8104K, committed 8192K, reserved 1048576K
Event: 2014.750 GC heap after
Heap after GC invocations=140 (full 6):
 PSYoungGen      total 56320K, used 2180K [0x00000007bc400000, 0x00000007c0000000, 0x00000007c0000000)
  eden space 50688K, 0% used [0x00000007bc400000,0x00000007bc400000,0x00000007bf580000)
  from space 5632K, 38% used [0x00000007bfa80000,0x00000007bfca1350,0x00000007c0000000)
  to   space 5120K, 0% used [0x00000007bf580000,0x00000007bf580000,0x00000007bfa80000)
 ParOldGen       total 107520K, used 49908K [0x0000000700000000, 0x0000000706900000, 0x00000007bc400000)
  object space 107520K, 46% used [0x0000000700000000,0x00000007030bd3d8,0x0000000706900000)
 Metaspace       used 56659K, capacity 56987K, committed 57600K, reserved 1099776K
  class space    used 8031K, capacity 8104K, committed 8192K, reserved 1048576K
}
Event: 2028.980 GC heap before
{Heap before GC invocations=141 (full 6):
 PSYoungGen      total 56320K, used 52868K [0x00000007bc400000, 0x00000007c0000000, 0x00000007c0000000)
  eden space 50688K, 100% used [0x00000007bc400000,0x00000007bf580000,0x00000007bf580000)
  from space 5632K, 38% used [0x00000007bfa80000,0x00000007bfca1350,0x00000007c0000000)
  to   space 5120K, 0% used [0x00000007bf580000,0x00000007bf580000,0x00000007bfa80000)
 ParOldGen       total 107520K, used 49908K [0x0000000700000000, 0x0000000706900000, 0x00000007bc400000)
  object space 107520K, 46% used [0x0000000700000000,0x00000007030bd3d8,0x0000000706900000)
 Metaspace       used 56719K, capacity 57083K, committed 57600K, reserved 1099776K
  class space    used 8032K, capacity 8136K, committed 8192K, reserved 1048576K
Event: 2028.990 GC heap after
Heap after GC invocations=141 (full 6):
 PSYoungGen      total 55808K, used 2542K [0x00000007bc400000, 0x00000007c0000000, 0x00000007c0000000)
  eden space 50688K, 0% used [0x00000007bc400000,0x00000007bc400000,0x00000007bf580000)
  from space 5120K, 49% used [0x00000007bf580000,0x00000007bf7fb860,0x00000007bfa80000)
  to   space 5120K, 0% used [0x00000007bfb00000,0x00000007bfb00000,0x00000007c0000000)
 ParOldGen       total 107520K, used 49908K [0x0000000700000000, 0x0000000706900000, 0x00000007bc400000)
  object space 107520K, 46% used [0x0000000700000000,0x00000007030bd3d8,0x0000000706900000)
 Metaspace       used 56719K, capacity 57083K, committed 57600K, reserved 1099776K
  class space    used 8032K, capacity 8136K, committed 8192K, reserved 1048576K
}
Event: 2090.985 GC heap before
{Heap before GC invocations=142 (full 6):
 PSYoungGen      total 55808K, used 53230K [0x00000007bc400000, 0x00000007c0000000, 0x00000007c0000000)
  eden space 50688K, 100% used [0x00000007bc400000,0x00000007bf580000,0x00000007bf580000)
  from space 5120K, 49% used [0x00000007bf580000,0x00000007bf7fb860,0x00000007bfa80000)
  to   space 5120K, 0% used [0x00000007bfb00000,0x00000007bfb00000,0x00000007c0000000)
 ParOldGen       total 107520K, used 49908K [0x0000000700000000, 0x0000000706900000, 0x00000007bc400000)
  object space 107520K, 46% used [0x0000000700000000,0x00000007030bd3d8,0x0000000706900000)
 Metaspace       used 56761K, capacity 57147K, committed 57600K, reserved 1099776K
  class space    used 8035K, capacity 8136K, committed 8192K, reserved 1048576K
Event: 2090.990 GC heap after
Heap after GC invocations=142 (full 6):
 PSYoungGen      total 56320K, used 3009K [0x00000007bc400000, 0x00000007c0000000, 0x00000007c0000000)
  eden space 51200K, 0% used [0x00000007bc400000,0x00000007bc400000,0x00000007bf600000)
  from space 5120K, 58% used [0x00000007bfb00000,0x00000007bfdf0658,0x00000007c0000000)
  to   space 5120K, 0% used [0x00000007bf600000,0x00000007bf600000,0x00000007bfb00000)
 ParOldGen       total 107520K, used 49908K [0x0000000700000000, 0x0000000706900000, 0x00000007bc400000)
  object space 107520K, 46% used [0x0000000700000000,0x00000007030bd3d8,0x0000000706900000)
 Metaspace       used 56761K, capacity 57147K, committed 57600K, reserved 1099776K
  class space    used 8035K, capacity 8136K, committed 8192K, reserved 1048576K
}

Deoptimization events (10 events):
Event: 1972.582 Thread 0x0000000007cec000 Uncommon trap: reason=class_check action=maybe_recompile pc=0x0000000012ff785c method=javax.swing.text.JTextComponent.getText()Ljava/lang/String; @ 8
Event: 1972.715 Thread 0x0000000007cec000 Uncommon trap: reason=class_check action=maybe_recompile pc=0x0000000014bfaa78 method=javax.swing.text.PlainView.modelToView(ILjava/awt/Shape;Ljavax/swing/text/Position$Bias;)Ljava/awt/Shape; @ 87
Event: 1972.715 Thread 0x0000000007cec000 Uncommon trap: reason=class_check action=maybe_recompile pc=0x0000000014bfaa78 method=javax.swing.text.PlainView.modelToView(ILjava/awt/Shape;Ljavax/swing/text/Position$Bias;)Ljava/awt/Shape; @ 87
Event: 1972.715 Thread 0x0000000007cec000 Uncommon trap: reason=class_check action=maybe_recompile pc=0x0000000014bfaa78 method=javax.swing.text.PlainView.modelToView(ILjava/awt/Shape;Ljavax/swing/text/Position$Bias;)Ljava/awt/Shape; @ 87
Event: 1972.715 Thread 0x0000000007cec000 Uncommon trap: reason=class_check action=maybe_recompile pc=0x0000000014bfaa78 method=javax.swing.text.PlainView.modelToView(ILjava/awt/Shape;Ljavax/swing/text/Position$Bias;)Ljava/awt/Shape; @ 87
Event: 1979.883 Thread 0x000000002398a800 Uncommon trap: reason=unreached action=reinterpret pc=0x00000000146498e4 method=java.security.AccessControlContext.optimize()Ljava/security/AccessControlContext; @ 49
Event: 1980.424 Thread 0x0000000007cec000 Uncommon trap: reason=bimorphic action=maybe_recompile pc=0x00000000128bcbd0 method=java.util.HashMap.removeNode(ILjava/lang/Object;Ljava/lang/Object;ZZ)Ljava/util/HashMap$Node; @ 68
Event: 1980.433 Thread 0x0000000007cec000 Uncommon trap: reason=unreached action=reinterpret pc=0x0000000014b99574 method=java.util.Collections.eq(Ljava/lang/Object;Ljava/lang/Object;)Z @ 1
Event: 2045.250 Thread 0x0000000007cec000 Uncommon trap: reason=bimorphic action=maybe_recompile pc=0x00000000128bcbd0 method=java.util.HashMap.removeNode(ILjava/lang/Object;Ljava/lang/Object;ZZ)Ljava/util/HashMap$Node; @ 68
Event: 2074.756 Thread 0x0000000007cec000 Uncommon trap: reason=class_check action=maybe_recompile pc=0x0000000013e56534 method=java.awt.Component.removeNotify()V @ 310

Internal exceptions (10 events):
Event: 2088.098 Thread 0x0000000007cec000 Exception <a 'java/security/PrivilegedActionException'> (0x00000007bd681ce8) thrown at [D:\re\workspace\8-2-build-windows-amd64-cygwin\jdk8u25\1677\hotspot\src\share\vm\prims\jvm.cpp, line 1312]
Event: 2088.608 Thread 0x0000000007cec000 Exception <a 'java/io/FileNotFoundException'> (0x00000007bd769980) thrown at [D:\re\workspace\8-2-build-windows-amd64-cygwin\jdk8u25\1677\hotspot\src\share\vm\prims\jni.cpp, line 716]
Event: 2093.621 Thread 0x0000000007cec000 Exception <a 'java/io/FileNotFoundException'> (0x00000007bc7c0168) thrown at [D:\re\workspace\8-2-build-windows-amd64-cygwin\jdk8u25\1677\hotspot\src\share\vm\prims\jni.cpp, line 716]
Event: 2098.629 Thread 0x0000000007cec000 Exception <a 'java/io/FileNotFoundException'> (0x00000007bc8498e8) thrown at [D:\re\workspace\8-2-build-windows-amd64-cygwin\jdk8u25\1677\hotspot\src\share\vm\prims\jni.cpp, line 716]
Event: 2103.644 Thread 0x0000000007cec000 Exception <a 'java/io/FileNotFoundException'> (0x00000007bc893e08) thrown at [D:\re\workspace\8-2-build-windows-amd64-cygwin\jdk8u25\1677\hotspot\src\share\vm\prims\jni.cpp, line 716]
Event: 2108.653 Thread 0x0000000007cec000 Exception <a 'java/io/FileNotFoundException'> (0x00000007bcdc3de0) thrown at [D:\re\workspace\8-2-build-windows-amd64-cygwin\jdk8u25\1677\hotspot\src\share\vm\prims\jni.cpp, line 716]
Event: 2113.662 Thread 0x0000000007cec000 Exception <a 'java/io/FileNotFoundException'> (0x00000007bce154b8) thrown at [D:\re\workspace\8-2-build-windows-amd64-cygwin\jdk8u25\1677\hotspot\src\share\vm\prims\jni.cpp, line 716]
Event: 2118.677 Thread 0x0000000007cec000 Exception <a 'java/io/FileNotFoundException'> (0x00000007bcea4bb8) thrown at [D:\re\workspace\8-2-build-windows-amd64-cygwin\jdk8u25\1677\hotspot\src\share\vm\prims\jni.cpp, line 716]
Event: 2123.693 Thread 0x0000000007cec000 Exception <a 'java/io/FileNotFoundException'> (0x00000007bcefa7f8) thrown at [D:\re\workspace\8-2-build-windows-amd64-cygwin\jdk8u25\1677\hotspot\src\share\vm\prims\jni.cpp, line 716]
Event: 2128.703 Thread 0x0000000007cec000 Exception <a 'java/io/FileNotFoundException'> (0x00000007bcf4a368) thrown at [D:\re\workspace\8-2-build-windows-amd64-cygwin\jdk8u25\1677\hotspot\src\share\vm\prims\jni.cpp, line 716]

Events (10 events):
Event: 2112.419 Thread 0x000000002f85e000 Thread exited: 0x000000002f85e000
Event: 2117.623 Thread 0x0000000036f57000 Thread added: 0x0000000036f57000
Event: 2117.624 Executing VM operation: RevokeBias
Event: 2117.624 Executing VM operation: RevokeBias done
Event: 2117.624 Thread 0x0000000036f57000 Thread exited: 0x0000000036f57000
Event: 2127.638 Thread 0x0000000036f57000 Thread added: 0x0000000036f57000
Event: 2127.639 Executing VM operation: RevokeBias
Event: 2127.639 Executing VM operation: RevokeBias done
Event: 2127.639 Thread 0x0000000036f57000 Thread exited: 0x0000000036f57000
Event: 2129.148 Thread 0x0000000036f57000 Thread added: 0x0000000036f57000


Dynamic libraries:
0x000000013fbe0000 - 0x000000013fc1d000 	C:\Xilinx\Vivado\2015.2\bin\unwrapped\win64.o\vivado.exe
0x0000000076db0000 - 0x0000000076f59000 	C:\Windows\SYSTEM32\ntdll.dll
0x0000000076c90000 - 0x0000000076daf000 	C:\Windows\system32\kernel32.dll
0x000007fefd000000 - 0x000007fefd06b000 	C:\Windows\system32\KERNELBASE.dll
0x000000000a900000 - 0x000000000a98d000 	C:\Xilinx\Vivado\2015.2\lib\win64.o\SHSMP64.dll
0x0000000076b90000 - 0x0000000076c8a000 	C:\Windows\system32\USER32.dll
0x000007fefef70000 - 0x000007fefefd7000 	C:\Windows\system32\GDI32.dll
0x000007fefd700000 - 0x000007fefd70e000 	C:\Windows\system32\LPK.dll
0x000007fefec30000 - 0x000007fefecf9000 	C:\Windows\system32\USP10.dll
0x000007fefd270000 - 0x000007fefd30f000 	C:\Windows\system32\msvcrt.dll
0x000007fefefe0000 - 0x000007feff0bb000 	C:\Windows\system32\ADVAPI32.dll
0x000007fefd1d0000 - 0x000007fefd1ef000 	C:\Windows\SYSTEM32\sechost.dll
0x000007fefdb60000 - 0x000007fefdc8d000 	C:\Windows\system32\RPCRT4.dll
0x000007fefbe50000 - 0x000007fefbe5c000 	C:\Windows\system32\VERSION.dll
0x000007fef5df0000 - 0x000007fef5e03000 	C:\Xilinx\Vivado\2015.2\lib\win64.o\libboost_signals.dll
0x000007fef5170000 - 0x000007fef5217000 	C:\Windows\system32\MSVCP110.dll
0x000007fef53a0000 - 0x000007fef5474000 	C:\Windows\system32\MSVCR110.dll
0x000007fef17f0000 - 0x000007fef2133000 	C:\Xilinx\Vivado\2015.2\lib\win64.o\librdi_common.dll
0x000007fef1540000 - 0x000007fef17e8000 	C:\Xilinx\Vivado\2015.2\lib\win64.o\libCOIN-all.dll
0x000007fef1320000 - 0x000007fef1540000 	C:\Xilinx\Vivado\2015.2\lib\win64.o\libXil_lmgr11.dll
0x000007fefa980000 - 0x000007fefa996000 	C:\Windows\system32\NETAPI32.dll
0x000007fefc5a0000 - 0x000007fefc5ac000 	C:\Windows\system32\netutils.dll
0x000007fefc810000 - 0x000007fefc833000 	C:\Windows\system32\srvcli.dll
0x000007fefa920000 - 0x000007fefa935000 	C:\Windows\system32\wkscli.dll
0x000007fefdac0000 - 0x000007fefdb57000 	C:\Windows\system32\COMDLG32.dll
0x000007fefd150000 - 0x000007fefd1c1000 	C:\Windows\system32\SHLWAPI.dll
0x000007fef8570000 - 0x000007fef8610000 	C:\Windows\WinSxS\amd64_microsoft.windows.common-controls_6595b64144ccf1df_5.82.7601.17514_none_a4d6a923711520a9\COMCTL32.dll
0x000007fefdea0000 - 0x000007fefec28000 	C:\Windows\system32\SHELL32.dll
0x000007fefb070000 - 0x000007fefb079000 	C:\Windows\system32\WSOCK32.dll
0x000007fefd100000 - 0x000007fefd14d000 	C:\Windows\system32\WS2_32.dll
0x000007fefed00000 - 0x000007fefed08000 	C:\Windows\system32\NSI.dll
0x000007fefddc0000 - 0x000007fefde97000 	C:\Windows\system32\OLEAUT32.dll
0x000007fefd4f0000 - 0x000007fefd6f3000 	C:\Windows\system32\ole32.dll
0x000007fefcdb0000 - 0x000007fefcdea000 	C:\Windows\system32\WINTRUST.dll
0x000007fefcdf0000 - 0x000007fefcf57000 	C:\Windows\system32\CRYPT32.dll
0x000007fefcda0000 - 0x000007fefcdaf000 	C:\Windows\system32\MSASN1.dll
0x000007fef6b60000 - 0x000007fef6b70000 	C:\Xilinx\Vivado\2015.2\lib\win64.o\libboost_date_time.dll
0x000007fef2a30000 - 0x000007fef2a52000 	C:\Xilinx\Vivado\2015.2\lib\win64.o\libboost_filesystem.dll
0x000007fef69d0000 - 0x000007fef69d9000 	C:\Xilinx\Vivado\2015.2\lib\win64.o\libboost_system.dll
0x000007fef2630000 - 0x000007fef26a4000 	C:\Xilinx\Vivado\2015.2\lib\win64.o\libboost_program_options.dll
0x000007fef1220000 - 0x000007fef131a000 	C:\Xilinx\Vivado\2015.2\lib\win64.o\libboost_regex.dll
0x000007fef2730000 - 0x000007fef274d000 	C:\Xilinx\Vivado\2015.2\lib\win64.o\libboost_thread.dll
0x000007fef5de0000 - 0x000007fef5deb000 	C:\Xilinx\Vivado\2015.2\lib\win64.o\libboost_chrono.dll
0x000007fef11a0000 - 0x000007fef1220000 	C:\Xilinx\Vivado\2015.2\lib\win64.o\libhdlpsolve.dll
0x000007fef1100000 - 0x000007fef119a000 	C:\Xilinx\Vivado\2015.2\lib\win64.o\libhdxml.dll
0x000007fef0af0000 - 0x000007fef10fa200 	C:\Xilinx\Vivado\2015.2\lib\win64.o\libisl_iostreams.dll
0x000007fef2710000 - 0x000007fef2726000 	C:\Xilinx\Vivado\2015.2\lib\win64.o\libboost_iostreams.dll
0x000007fef0ac0000 - 0x000007fef0ae3000 	C:\Xilinx\Vivado\2015.2\lib\win64.o\librdizlib.dll
0x000007fef0a90000 - 0x000007fef0ab3000 	C:\Xilinx\Vivado\2015.2\lib\win64.o\libisl_iosutils.dll
0x000007fef0a60000 - 0x000007fef0a8a000 	C:\Xilinx\Vivado\2015.2\lib\win64.o\libisl_sysinfo.dll
0x000000006e600000 - 0x000000006ee5a000 	C:\Xilinx\Vivado\2015.2\tps\win64\jre\bin\server\jvm.dll
0x000007fefa0c0000 - 0x000007fefa0fb000 	C:\Windows\system32\WINMM.dll
0x0000000076f70000 - 0x0000000076f77000 	C:\Windows\system32\PSAPI.DLL
0x000000006f0e0000 - 0x000000006f1b1000 	C:\Windows\system32\MSVCR100.dll
0x000007fef2610000 - 0x000007fef2625000 	C:\Xilinx\Vivado\2015.2\lib\win64.o\pthreadVC2.dll
0x000007fef08c0000 - 0x000007fef0914000 	C:\Xilinx\Vivado\2015.2\lib\win64.o\librdi_commonxillic.dll
0x000007fef0790000 - 0x000007fef08c0000 	C:\Xilinx\Vivado\2015.2\lib\win64.o\librdi_curl.dll
0x000007fef0a40000 - 0x000007fef0a58000 	C:\Xilinx\Vivado\2015.2\lib\win64.o\librdiconfig.dll
0x000000006efb0000 - 0x000000006f0d7000 	C:\Xilinx\Vivado\2015.2\lib\win64.o\tcl85t.dll
0x0000000012000000 - 0x0000000012263000 	C:\Xilinx\Vivado\2015.2\lib\win64.o\xerces-c_3_1.dll
0x000007fefd710000 - 0x000007fefd83a000 	C:\Windows\system32\WININET.dll
0x000007fefd8a0000 - 0x000007fefda18000 	C:\Windows\system32\urlmon.dll
0x000007fefed10000 - 0x000007fefef69000 	C:\Windows\system32\iertutil.dll
0x000007fef9a10000 - 0x000007fef9a81000 	C:\Windows\system32\WINHTTP.dll
0x000007fef99a0000 - 0x000007fef9a04000 	C:\Windows\system32\webio.dll
0x000007fef0760000 - 0x000007fef0783000 	C:\Windows\system32\VCOMP110.DLL
0x000007fef0740000 - 0x000007fef0751000 	C:\Xilinx\Vivado\2015.2\lib\win64.o\librdi_commonmain.dll
0x000007fef5a50000 - 0x000007fef5a59000 	C:\Xilinx\Vivado\2015.2\lib\win64.o\librdi_commonversion.dll
0x000007fefd0d0000 - 0x000007fefd0fe000 	C:\Windows\system32\IMM32.DLL
0x000007fefdcb0000 - 0x000007fefddb9000 	C:\Windows\system32\MSCTF.dll
0x000007feefe70000 - 0x000007fef027a000 	C:\Xilinx\Vivado\2015.2\lib\win64.o\librdi_commontasks.dll
0x000007feef660000 - 0x000007feefe70000 	C:\Xilinx\Vivado\2015.2\lib\win64.o\libXil_lmgr11FNP.dll
0x000007fefb460000 - 0x000007fefb487000 	C:\Windows\system32\iphlpapi.dll
0x000007fefb450000 - 0x000007fefb45b000 	C:\Windows\system32\WINNSI.DLL
0x000007fef8550000 - 0x000007fef855b000 	C:\Windows\system32\snmpapi.dll
0x000007fefd310000 - 0x000007fefd4e7000 	C:\Windows\system32\SETUPAPI.dll
0x000007fefd070000 - 0x000007fefd0a6000 	C:\Windows\system32\CFGMGR32.dll
0x000007fefd0b0000 - 0x000007fefd0ca000 	C:\Windows\system32\DEVOBJ.dll
0x000007fef8720000 - 0x000007fef8791000 	C:\Windows\system32\WINSPOOL.DRV
0x000007fefae00000 - 0x000007fefae54000 	C:\Windows\system32\OLEACC.dll
0x000007fefc780000 - 0x000007fefc797000 	C:\Windows\system32\CRYPTSP.dll
0x000007fefc280000 - 0x000007fefc2c7000 	C:\Windows\system32\rsaenh.dll
0x000007fefcbf0000 - 0x000007fefcbff000 	C:\Windows\system32\CRYPTBASE.dll
0x000007fefcb60000 - 0x000007fefcb85000 	C:\Windows\system32\SspiCli.dll
0x000007fefaf30000 - 0x000007fefaf86000 	C:\Windows\system32\uxtheme.dll
0x000007fefb9f0000 - 0x000007fefba05000 	C:\Windows\system32\NLAapi.dll
0x000007fefa2f0000 - 0x000007fefa305000 	C:\Windows\system32\napinsp.dll
0x000007fefa310000 - 0x000007fefa329000 	C:\Windows\system32\pnrpnsp.dll
0x000007fefc5f0000 - 0x000007fefc645000 	C:\Windows\System32\mswsock.dll
0x000007fefc370000 - 0x000007fefc3cb000 	C:\Windows\system32\DNSAPI.dll
0x000007fefa2d0000 - 0x000007fefa2db000 	C:\Windows\System32\winrnr.dll
0x000007fefda20000 - 0x000007fefdab9000 	C:\Windows\system32\CLBCatQ.DLL
0x000007fefb170000 - 0x000007fefb1c3000 	C:\Windows\System32\fwpuclnt.dll
0x000007fefa2e0000 - 0x000007fefa2e8000 	C:\Windows\system32\rasadhlp.dll
0x000007fefc5b0000 - 0x000007fefc5b7000 	C:\Windows\System32\wship6.dll
0x000007fefbf20000 - 0x000007fefbf27000 	C:\Windows\System32\wshtcpip.dll
0x000007fefcce0000 - 0x000007fefccf4000 	C:\Windows\system32\RpcRtRemote.dll
0x000007feef0c0000 - 0x000007feef65b000 	C:\Xilinx\Vivado\2015.2\lib\win64.o\librdi_coretasks.dll
0x000007feeef80000 - 0x000007feef0ba000 	C:\Xilinx\Vivado\2015.2\lib\win64.o\librdi_board.dll
0x000007feeedc0000 - 0x000007feeef7e000 	C:\Xilinx\Vivado\2015.2\lib\win64.o\librdi_chipscope.dll
0x000007fef04b0000 - 0x000007fef0513000 	C:\Xilinx\Vivado\2015.2\lib\win64.o\liblmx6.0.dll
0x000007feedcb0000 - 0x000007feeedbb000 	C:\Xilinx\Vivado\2015.2\lib\win64.o\librdi_constraints.dll
0x000007feedc50000 - 0x000007feedcad000 	C:\Xilinx\Vivado\2015.2\lib\win64.o\librdi_boarddep.dll
0x000007fee58f0000 - 0x000007feec3ef000 	C:\Xilinx\Vivado\2015.2\lib\win64.o\librdi_device.dll
0x000007feedc00000 - 0x000007feedc47000 	C:\Xilinx\Vivado\2015.2\lib\win64.o\libboost_serialization.dll
0x000007feed3f0000 - 0x000007feedbfd000 	C:\Xilinx\Vivado\2015.2\lib\win64.o\libverific.dll
0x000007feed0c0000 - 0x000007feed3ed000 	C:\Xilinx\Vivado\2015.2\lib\win64.o\librdi_filemgmt.dll
0x000007feecc90000 - 0x000007feed0b2000 	C:\Xilinx\Vivado\2015.2\lib\win64.o\librdi_netlist.dll
0x000007feec800000 - 0x000007feecc90000 	C:\Xilinx\Vivado\2015.2\lib\win64.o\librdi_psta.dll
0x000007fee4100000 - 0x000007fee58f0000 	C:\Xilinx\Vivado\2015.2\lib\win64.o\librdi_coregen.dll
0x000007fee3a40000 - 0x000007fee40f9000 	C:\Xilinx\Vivado\2015.2\lib\win64.o\librdi_coregenipxact.dll
0x000007fee03b0000 - 0x000007fee3a35000 	C:\Xilinx\Vivado\2015.2\lib\win64.o\librdi_designutils.dll
0x000007fee0180000 - 0x000007fee03a3000 	C:\Xilinx\Vivado\2015.2\lib\win64.o\librdi_bitstream.dll
0x000007fedfc40000 - 0x000007fee0180000 	C:\Xilinx\Vivado\2015.2\lib\win64.o\librdi_xdm.dll
0x000007fedf7a0000 - 0x000007fedfc33000 	C:\Xilinx\Vivado\2015.2\lib\win64.o\librdi_drc.dll
0x000007fedeec0000 - 0x000007fedf79b000 	C:\Xilinx\Vivado\2015.2\lib\win64.o\librdi_mig.dll
0x000007fede5b0000 - 0x000007fedeebe000 	C:\Xilinx\Vivado\2015.2\lib\win64.o\librdi_timing.dll
0x000007fede3a0000 - 0x000007fede5aa000 	C:\Xilinx\Vivado\2015.2\lib\win64.o\librdi_dlyest.dll
0x000007feec760000 - 0x000007feec7f7000 	C:\Xilinx\Vivado\2015.2\lib\win64.o\libise.dll
0x000007fedcd70000 - 0x000007fede394000 	C:\Xilinx\Vivado\2015.2\lib\win64.o\librdi_place.dll
0x000007fedc7b0000 - 0x000007fedcd6c000 	C:\Xilinx\Vivado\2015.2\lib\win64.o\librdi_abc_nomp.dll
0x000007fef0490000 - 0x000007fef04a9000 	C:\Xilinx\Vivado\2015.2\lib\win64.o\librdi_hmetis.dll
0x000007fedc2c0000 - 0x000007fedc7a1000 	C:\Xilinx\Vivado\2015.2\lib\win64.o\librdi_power.dll
0x000007fedb960000 - 0x000007fedc2b9000 	C:\Xilinx\Vivado\2015.2\lib\win64.o\librdi_route.dll
0x000007fedb560000 - 0x000007fedb95b000 	C:\Xilinx\Vivado\2015.2\lib\win64.o\librdi_project.dll
0x000007fedafd0000 - 0x000007fedb555000 	C:\Xilinx\Vivado\2015.2\lib\win64.o\librdi_labtools.dll
0x000007feec730000 - 0x000007feec758000 	C:\Xilinx\Vivado\2015.2\lib\win64.o\librdi_commoncwebtalk.dll
0x000007fedac50000 - 0x000007fedafcf000 	C:\Xilinx\Vivado\2015.2\lib\win64.o\librdi_wavedata.dll

VM Arguments:
jvm_args: -Dsun.java2d.pmoffscreen=false -Dsun.java2d.d3d=false -Dsun.awt.nopixfmt=true -Xverify:none -Dswing.aatext=true -XX:-UsePerfData -Djdk.map.althashing.threshold=512 -XX:StringTableSize=4072 -Djava.util.Arrays.useLegacyMergeSort=true -XX:NewSize=60m -XX:MaxNewSize=60m -Xms128m -Xmx3072m -Xss5m 
java_command: <unknown>
java_class_path (initial): C:/Xilinx/Vivado/2015.2\lib\classes\alloy.jar;C:/Xilinx/Vivado/2015.2\lib\classes\antlr-2.7.7.jar;C:/Xilinx/Vivado/2015.2\lib\classes\batik-anim.jar;C:/Xilinx/Vivado/2015.2\lib\classes\batik-awt-util.jar;C:/Xilinx/Vivado/2015.2\lib\classes\batik-bridge.jar;C:/Xilinx/Vivado/2015.2\lib\classes\batik-codec.jar;C:/Xilinx/Vivado/2015.2\lib\classes\batik-css.jar;C:/Xilinx/Vivado/2015.2\lib\classes\batik-dom.jar;C:/Xilinx/Vivado/2015.2\lib\classes\batik-ext.jar;C:/Xilinx/Vivado/2015.2\lib\classes\batik-gui-util.jar;C:/Xilinx/Vivado/2015.2\lib\classes\batik-gvt.jar;C:/Xilinx/Vivado/2015.2\lib\classes\batik-parser.jar;C:/Xilinx/Vivado/2015.2\lib\classes\batik-script.jar;C:/Xilinx/Vivado/2015.2\lib\classes\batik-svg-dom.jar;C:/Xilinx/Vivado/2015.2\lib\classes\batik-swing.jar;C:/Xilinx/Vivado/2015.2\lib\classes\batik-transcoder.jar;C:/Xilinx/Vivado/2015.2\lib\classes\batik-util.jar;C:/Xilinx/Vivado/2015.2\lib\classes\batik-xml.jar;C:/Xilinx/Vivado/2015.2\lib\classes\commons-logging.jar;C:/Xilinx/Vivado/2015.2\lib\classes\commons-math-2.2.jar;C:/Xilinx/Vivado/2015.2\lib\classes\dom4j-1.6.1.jar;C:/Xilinx/Vivado/2015.2\lib\classes\forms.jar;C:/Xilinx/Vivado/2015.2\lib\classes\guava-15.0.jar;C:/Xilinx/Vivado/2015.2\lib\classes\hsqldb.jar;C:/Xilinx/Vivado/2015.2\lib\classes\jdom.jar;C:/Xilinx/Vivado/2015.2\lib\classes\jide-action.jar;C:/Xilinx/Vivado/2015.2\lib\classes\jide-charts.jar;C:/Xilinx/Vivado/2015.2\lib\classes\jide-common.jar;C:/Xilinx/Vivado/2015.2\lib\classes\jide-components.jar;C:/Xilinx/Vivado/2015.2\lib\classes\jide-dashboard.jar;C:/Xilinx/Vivado/2015.2\lib\classes\jide-data.jar;C:/Xilinx/Vivado/2015.2\lib\classes\jide-dialogs.jar;C:/Xilinx/Vivado/2015.2\lib\classes\jide-diff.jar;C:/Xilinx/Vivado/2015.2\lib\classes\jide-dock.jar;C:/Xilinx/Vivado/2015.2\lib\classes\jide-editor.jar;C:/Xilinx/Vivado/2015.2\lib\classes\jide-gantt.jar;C:/Xilinx/Vivado/2015.2\lib\classes\jide-grids.jar;C:/Xilinx/Vivado/2015.2\lib\classes\jide-pivot.jar;C:/Xilin
Launcher Type: generic

Environment Variables:
PATH=C:/Xilinx/Vivado/2015.2/bin;C:/Xilinx/Vivado/2015.2/lib/win64.o;C:/Xilinx/Vivado/2015.2/tps/win64/jre/bin/server;C:/Xilinx/Vivado/2015.2/tps/win64/jre/bin;C:/Xilinx/Vivado/2015.2/ids_lite/ISE/bin/nt64;C:/Xilinx/Vivado/2015.2/ids_lite/ISE/lib/nt64;C:\ProgramData\Oracle\Java\javapath;C:\Windows\system32;C:\Windows;C:\Windows\System32\Wbem;C:\Windows\System32\WindowsPowerShell\v1.0\;C:\Program Files (x86)\Microchip\xc16\v1.21\bin;C:\Program Files (x86)\Microchip\xc32\v1.31\bin
USERNAME=ata.aydin-ug
OS=Windows_NT
PROCESSOR_IDENTIFIER=Intel64 Family 6 Model 60 Stepping 3, GenuineIntel



---------------  S Y S T E M  ---------------

OS: Windows 7 , 64 bit Build 7601 Service Pack 1

CPU:total 8 (4 cores per cpu, 2 threads per core) family 6 model 60 stepping 3, cmov, cx8, fxsr, mmx, sse, sse2, sse3, ssse3, sse4.1, sse4.2, popcnt, avx, avx2, aes, clmul, erms, rtm, lzcnt, ht, tsc, tscinvbit, bmi1, bmi2

Memory: 4k page, physical 8256528k(4601976k free), swap 16511212k(11976132k free)

vm_info: Java HotSpot(TM) 64-Bit Server VM (25.25-b02) for windows-amd64 JRE (1.8.0_25-b18), built on Oct  7 2014 14:25:37 by "java_re" with MS VC++ 10.0 (VS2010)

time: Mon Nov 07 15:46:22 2016
elapsed time: 2129 seconds (0d 0h 35m 29s)

